INFO: (function: applyOptionsBase) FitterAlgoBase.cc: 112 -- Setting robust fit options to Tolerance=0.1 / Strategy=0 / Type,Algo=Minuit2,Migrad (note that defaults of CascadeMinimizer were taken where option not specified)
INFO: (function: improveOnce) CascadeMinimizer.cc: 167 -- Minimisation configured with Type=Minuit2, Algo=Migrad, strategy=1, tolerance=0.1
INFO: (function: improveOnce) CascadeMinimizer.cc: 190 -- Minimisation finished with status=0
INFO: (function: improveOnce) CascadeMinimizer.cc: 195 -- Minimization success! status=0
INFO: (function: anyParameterAtBoundaries) utils.cc: 985 -- Found parameter qcd_rate at boundary (within ~1sigma): 3.67325e-07+/-0.284684
INFO: (function: anyParameterAtBoundaries) utils.cc: 985 -- Found parameter ST_rate at boundary (within ~1sigma): 3+/-0.0439526
INFO: (function: minimize) CascadeMinimizer.cc: 478 -- After fit, some parameters are found at the boundary (within ~1sigma)
INFO: (function: doFit) FitterAlgoBase.cc: 334 -- Running RobustFit for POI r. Configured with strategy 0  
INFO: (function: findCrossing) FitterAlgoBase.cc: 380 -- Searching for crossing at nll = -423.36, in the interval 0.764746 < r < 20
INFO: (function: improveOnce) CascadeMinimizer.cc: 167 -- Minimisation configured with Type=Minuit2, Algo=Migrad, strategy=1, tolerance=0.1
INFO: (function: improveOnce) CascadeMinimizer.cc: 190 -- Minimisation finished with status=0
INFO: (function: improveOnce) CascadeMinimizer.cc: 195 -- Minimization success! status=0
INFO: (function: findCrossing) FitterAlgoBase.cc: 401 -- r lvl-here lvl-there 	stepping 
INFO: (function: improveOnce) CascadeMinimizer.cc: 167 -- Minimisation configured with Type=Minuit2, Algo=Migrad, strategy=1, tolerance=0.1
INFO: (function: improveOnce) CascadeMinimizer.cc: 190 -- Minimisation finished with status=0
INFO: (function: improveOnce) CascadeMinimizer.cc: 195 -- Minimization success! status=0
INFO: (function: findCrossing) FitterAlgoBase.cc: 434 -- 2.688271    -555.67036  +0.49447    1.923525
INFO: (function: improveOnce) CascadeMinimizer.cc: 167 -- Minimisation configured with Type=Minuit2, Algo=Migrad, strategy=1, tolerance=0.1
INFO: (function: improveOnce) CascadeMinimizer.cc: 190 -- Minimisation finished with status=0
INFO: (function: improveOnce) CascadeMinimizer.cc: 195 -- Minimization success! status=0
INFO: (function: findCrossing) FitterAlgoBase.cc: 434 -- 1.341803    -55.95770  -555.67036    0.577058
INFO: (function: improveOnce) CascadeMinimizer.cc: 167 -- Minimisation configured with Type=Minuit2, Algo=Migrad, strategy=1, tolerance=0.1
INFO: (function: improveOnce) CascadeMinimizer.cc: 190 -- Minimisation finished with status=0
INFO: (function: improveOnce) CascadeMinimizer.cc: 195 -- Minimization success! status=0
INFO: (function: findCrossing) FitterAlgoBase.cc: 434 -- 0.937863    -7.44673  -55.95770    0.173117
INFO: (function: improveOnce) CascadeMinimizer.cc: 167 -- Minimisation configured with Type=Minuit2, Algo=Migrad, strategy=1, tolerance=0.1
INFO: (function: improveOnce) CascadeMinimizer.cc: 190 -- Minimisation finished with status=0
INFO: (function: improveOnce) CascadeMinimizer.cc: 195 -- Minimization success! status=0
INFO: (function: findCrossing) FitterAlgoBase.cc: 434 -- 0.816681    -0.50202  -7.44673    0.051935
INFO: (function: improveOnce) CascadeMinimizer.cc: 167 -- Minimisation configured with Type=Minuit2, Algo=Migrad, strategy=1, tolerance=0.1
INFO: (function: improveOnce) CascadeMinimizer.cc: 190 -- Minimisation finished with status=0
INFO: (function: improveOnce) CascadeMinimizer.cc: 195 -- Minimization success! status=0
INFO: (function: findCrossing) FitterAlgoBase.cc: 434 -- 0.780326    +0.38470  -0.50202    0.015581
INFO: (function: improveOnce) CascadeMinimizer.cc: 167 -- Minimisation configured with Type=Minuit2, Algo=Migrad, strategy=1, tolerance=0.1
INFO: (function: improveOnce) CascadeMinimizer.cc: 190 -- Minimisation finished with status=0
INFO: (function: improveOnce) CascadeMinimizer.cc: 195 -- Minimization success! status=0
INFO: (function: findCrossing) FitterAlgoBase.cc: 434 -- 0.795907    +0.09316  +0.38470    0.015581
INFO: (function: improveOnce) CascadeMinimizer.cc: 167 -- Minimisation configured with Type=Minuit2, Algo=Migrad, strategy=1, tolerance=0.1
INFO: (function: improveOnce) CascadeMinimizer.cc: 190 -- Minimisation finished with status=0
INFO: (function: improveOnce) CascadeMinimizer.cc: 195 -- Minimization success! status=0
INFO: (function: findCrossing) FitterAlgoBase.cc: 434 -- 0.811488    -0.33457  +0.09316    0.015581
INFO: (function: improveOnce) CascadeMinimizer.cc: 167 -- Minimisation configured with Type=Minuit2, Algo=Migrad, strategy=1, tolerance=0.1
INFO: (function: improveOnce) CascadeMinimizer.cc: 190 -- Minimisation finished with status=0
INFO: (function: improveOnce) CascadeMinimizer.cc: 195 -- Minimization success! status=0
INFO: (function: findCrossing) FitterAlgoBase.cc: 434 -- 0.800581    -0.02207  -0.33457    0.004674
INFO: (function: improveOnce) CascadeMinimizer.cc: 167 -- Minimisation configured with Type=Minuit2, Algo=Migrad, strategy=1, tolerance=0.1
INFO: (function: improveOnce) CascadeMinimizer.cc: 190 -- Minimisation finished with status=0
INFO: (function: improveOnce) CascadeMinimizer.cc: 195 -- Minimization success! status=0
INFO: (function: findCrossing) FitterAlgoBase.cc: 434 -- 0.797309    +0.05984  -0.02207    0.001402
INFO: (function: improveOnce) CascadeMinimizer.cc: 167 -- Minimisation configured with Type=Minuit2, Algo=Migrad, strategy=1, tolerance=0.1
INFO: (function: improveOnce) CascadeMinimizer.cc: 190 -- Minimisation finished with status=0
INFO: (function: improveOnce) CascadeMinimizer.cc: 195 -- Minimization success! status=0
INFO: (function: findCrossing) FitterAlgoBase.cc: 434 -- 0.798711    +0.02546  +0.05984    0.001402
INFO: (function: improveOnce) CascadeMinimizer.cc: 167 -- Minimisation configured with Type=Minuit2, Algo=Migrad, strategy=1, tolerance=0.1
INFO: (function: improveOnce) CascadeMinimizer.cc: 190 -- Minimisation finished with status=0
INFO: (function: improveOnce) CascadeMinimizer.cc: 195 -- Minimization success! status=0
INFO: (function: findCrossing) FitterAlgoBase.cc: 434 -- 0.800114    -0.01000  +0.02546    0.001402
INFO: (function: improveOnce) CascadeMinimizer.cc: 167 -- Minimisation configured with Type=Minuit2, Algo=Migrad, strategy=1, tolerance=0.1
INFO: (function: improveOnce) CascadeMinimizer.cc: 190 -- Minimisation finished with status=0
INFO: (function: improveOnce) CascadeMinimizer.cc: 195 -- Minimization success! status=0
INFO: (function: findCrossing) FitterAlgoBase.cc: 434 -- 0.799132    +0.01493  -0.01000    0.000421
INFO: (function: improveOnce) CascadeMinimizer.cc: 167 -- Minimisation configured with Type=Minuit2, Algo=Migrad, strategy=1, tolerance=0.1
INFO: (function: improveOnce) CascadeMinimizer.cc: 190 -- Minimisation finished with status=0
INFO: (function: improveOnce) CascadeMinimizer.cc: 195 -- Minimization success! status=0
INFO: (function: findCrossing) FitterAlgoBase.cc: 434 -- 0.799553    +0.00431  +0.01493    0.000421
INFO: (function: improveOnce) CascadeMinimizer.cc: 167 -- Minimisation configured with Type=Minuit2, Algo=Migrad, strategy=1, tolerance=0.1
INFO: (function: improveOnce) CascadeMinimizer.cc: 190 -- Minimisation finished with status=0
INFO: (function: improveOnce) CascadeMinimizer.cc: 195 -- Minimization success! status=0
INFO: (function: findCrossing) FitterAlgoBase.cc: 434 -- 0.799974    -0.00641  +0.00431    0.000421
INFO: (function: findCrossing) FitterAlgoBase.cc: 380 -- Searching for crossing at nll = -423.36, in the interval 0.764746 < r < 0
INFO: (function: improveOnce) CascadeMinimizer.cc: 167 -- Minimisation configured with Type=Minuit2, Algo=Migrad, strategy=1, tolerance=0.1
INFO: (function: improveOnce) CascadeMinimizer.cc: 190 -- Minimisation finished with status=0
INFO: (function: improveOnce) CascadeMinimizer.cc: 195 -- Minimization success! status=0
INFO: (function: findCrossing) FitterAlgoBase.cc: 401 -- r lvl-here lvl-there 	stepping 
INFO: (function: improveOnce) CascadeMinimizer.cc: 167 -- Minimisation configured with Type=Minuit2, Algo=Migrad, strategy=1, tolerance=0.1
INFO: (function: improveOnce) CascadeMinimizer.cc: 190 -- Minimisation finished with status=0
INFO: (function: improveOnce) CascadeMinimizer.cc: 195 -- Minimization success! status=0
INFO: (function: findCrossing) FitterAlgoBase.cc: 434 -- 0.688271    -2.34828  +0.49447    -0.076475
INFO: (function: improveOnce) CascadeMinimizer.cc: 167 -- Minimisation configured with Type=Minuit2, Algo=Migrad, strategy=1, tolerance=0.1
INFO: (function: improveOnce) CascadeMinimizer.cc: 190 -- Minimisation finished with status=0
INFO: (function: improveOnce) CascadeMinimizer.cc: 195 -- Minimization success! status=0
INFO: (function: findCrossing) FitterAlgoBase.cc: 434 -- 0.741803    +0.22558  -2.34828    -0.022942
INFO: (function: improveOnce) CascadeMinimizer.cc: 167 -- Minimisation configured with Type=Minuit2, Algo=Migrad, strategy=1, tolerance=0.1
INFO: (function: improveOnce) CascadeMinimizer.cc: 190 -- Minimisation finished with status=0
INFO: (function: improveOnce) CascadeMinimizer.cc: 195 -- Minimization success! status=0
INFO: (function: findCrossing) FitterAlgoBase.cc: 434 -- 0.718861    -0.57896  +0.22558    -0.022942
INFO: (function: improveOnce) CascadeMinimizer.cc: 167 -- Minimisation configured with Type=Minuit2, Algo=Migrad, strategy=1, tolerance=0.1
INFO: (function: improveOnce) CascadeMinimizer.cc: 190 -- Minimisation finished with status=0
INFO: (function: improveOnce) CascadeMinimizer.cc: 195 -- Minimization success! status=0
INFO: (function: findCrossing) FitterAlgoBase.cc: 434 -- 0.734921    +0.03601  -0.57896    -0.006883
INFO: (function: improveOnce) CascadeMinimizer.cc: 167 -- Minimisation configured with Type=Minuit2, Algo=Migrad, strategy=1, tolerance=0.1
INFO: (function: improveOnce) CascadeMinimizer.cc: 190 -- Minimisation finished with status=0
INFO: (function: improveOnce) CascadeMinimizer.cc: 195 -- Minimization success! status=0
INFO: (function: findCrossing) FitterAlgoBase.cc: 434 -- 0.728038    -0.20050  +0.03601    -0.006883
INFO: (function: improveOnce) CascadeMinimizer.cc: 167 -- Minimisation configured with Type=Minuit2, Algo=Migrad, strategy=1, tolerance=0.1
INFO: (function: improveOnce) CascadeMinimizer.cc: 190 -- Minimisation finished with status=0
INFO: (function: improveOnce) CascadeMinimizer.cc: 195 -- Minimization success! status=0
INFO: (function: findCrossing) FitterAlgoBase.cc: 434 -- 0.732856    -0.03027  -0.20050    -0.002065
INFO: (function: improveOnce) CascadeMinimizer.cc: 167 -- Minimisation configured with Type=Minuit2, Algo=Migrad, strategy=1, tolerance=0.1
INFO: (function: improveOnce) CascadeMinimizer.cc: 190 -- Minimisation finished with status=0
INFO: (function: improveOnce) CascadeMinimizer.cc: 195 -- Minimization success! status=0
INFO: (function: findCrossing) FitterAlgoBase.cc: 434 -- 0.734301    +0.01657  -0.03027    -0.000619
INFO: (function: improveOnce) CascadeMinimizer.cc: 167 -- Minimisation configured with Type=Minuit2, Algo=Migrad, strategy=1, tolerance=0.1
INFO: (function: improveOnce) CascadeMinimizer.cc: 190 -- Minimisation finished with status=0
INFO: (function: improveOnce) CascadeMinimizer.cc: 195 -- Minimization success! status=0
INFO: (function: findCrossing) FitterAlgoBase.cc: 434 -- 0.733682    -0.00326  +0.01657    -0.000619
INFO: (function: improveOnce) CascadeMinimizer.cc: 167 -- Minimisation configured with Type=Minuit2, Algo=Migrad, strategy=1, tolerance=0.1
INFO: (function: improveOnce) CascadeMinimizer.cc: 190 -- Minimisation finished with status=0
INFO: (function: improveOnce) CascadeMinimizer.cc: 195 -- Minimization success! status=0
INFO: (function: findCrossing) FitterAlgoBase.cc: 434 -- 0.734115    +0.01062  -0.00326    -0.000186
INFO: (function: improveOnce) CascadeMinimizer.cc: 167 -- Minimisation configured with Type=Minuit2, Algo=Migrad, strategy=1, tolerance=0.1
INFO: (function: improveOnce) CascadeMinimizer.cc: 190 -- Minimisation finished with status=0
INFO: (function: improveOnce) CascadeMinimizer.cc: 195 -- Minimization success! status=0
INFO: (function: findCrossing) FitterAlgoBase.cc: 434 -- 0.733930    +0.00471  +0.01062    -0.000186
INFO: (function: improveOnce) CascadeMinimizer.cc: 167 -- Minimisation configured with Type=Minuit2, Algo=Migrad, strategy=1, tolerance=0.1
INFO: (function: improveOnce) CascadeMinimizer.cc: 190 -- Minimisation finished with status=0
INFO: (function: improveOnce) CascadeMinimizer.cc: 195 -- Minimization success! status=0
INFO: (function: findCrossing) FitterAlgoBase.cc: 434 -- 0.733744    -0.00130  +0.00471    -0.000186
INFO: (function: improveOnce) CascadeMinimizer.cc: 167 -- Minimisation configured with Type=Minuit2, Algo=Migrad, strategy=1, tolerance=0.1
INFO: (function: improveOnce) CascadeMinimizer.cc: 190 -- Minimisation finished with status=0
INFO: (function: improveOnce) CascadeMinimizer.cc: 195 -- Minimization success! status=0
INFO: (function: findCrossing) FitterAlgoBase.cc: 434 -- 0.733874    +0.00291  -0.00130    -0.000056
INFO: (function: improveOnce) CascadeMinimizer.cc: 167 -- Minimisation configured with Type=Minuit2, Algo=Migrad, strategy=1, tolerance=0.1
INFO: (function: improveOnce) CascadeMinimizer.cc: 190 -- Minimisation finished with status=0
INFO: (function: improveOnce) CascadeMinimizer.cc: 195 -- Minimization success! status=0
INFO: (function: findCrossing) FitterAlgoBase.cc: 434 -- 0.733818    +0.00110  +0.00291    -0.000056
INFO: (function: improveOnce) CascadeMinimizer.cc: 167 -- Minimisation configured with Type=Minuit2, Algo=Migrad, strategy=1, tolerance=0.1
INFO: (function: improveOnce) CascadeMinimizer.cc: 190 -- Minimisation finished with status=0
INFO: (function: improveOnce) CascadeMinimizer.cc: 195 -- Minimization success! status=0
INFO: (function: findCrossing) FitterAlgoBase.cc: 434 -- 0.733762    -0.00071  +0.00110    -0.000056
INFO: (function: improveOnce) CascadeMinimizer.cc: 167 -- Minimisation configured with Type=Minuit2, Algo=Migrad, strategy=1, tolerance=0.1
INFO: (function: improveOnce) CascadeMinimizer.cc: 190 -- Minimisation finished with status=0
INFO: (function: improveOnce) CascadeMinimizer.cc: 195 -- Minimization success! status=0
INFO: (function: findCrossing) FitterAlgoBase.cc: 434 -- 0.733801    +0.00057  -0.00071    -0.000017
INFO: (function: improveOnce) CascadeMinimizer.cc: 167 -- Minimisation configured with Type=Minuit2, Algo=Migrad, strategy=1, tolerance=0.1
INFO: (function: improveOnce) CascadeMinimizer.cc: 190 -- Minimisation finished with status=0
INFO: (function: improveOnce) CascadeMinimizer.cc: 195 -- Minimization success! status=0
INFO: (function: findCrossing) FitterAlgoBase.cc: 434 -- 0.733785    +0.00001  +0.00057    -0.000017
